{"name":"hexo","hostname":"lyubingodeMacBook-Air.local","pid":21198,"level":20,"msg":"Hexo version: \u001b[35m3.7.1\u001b[39m","time":"2018-06-04T08:39:20.592Z","v":0}
{"name":"hexo","hostname":"lyubingodeMacBook-Air.local","pid":21198,"level":20,"msg":"Working directory: \u001b[35m~/blog/github/lyubingo.github.com/\u001b[39m","time":"2018-06-04T08:39:20.595Z","v":0}
{"name":"hexo","hostname":"lyubingodeMacBook-Air.local","pid":21198,"level":20,"msg":"Config loaded: \u001b[35m~/blog/github/lyubingo.github.com/_config.yml\u001b[39m","time":"2018-06-04T08:39:20.688Z","v":0}
{"name":"hexo","hostname":"lyubingodeMacBook-Air.local","pid":21198,"level":20,"msg":"Plugin loaded: \u001b[35mhexo-autoprefixer\u001b[39m","time":"2018-06-04T08:39:20.886Z","v":0}
{"name":"hexo","hostname":"lyubingodeMacBook-Air.local","pid":21198,"level":20,"msg":"Plugin loaded: \u001b[35mhexo-deployer-git\u001b[39m","time":"2018-06-04T08:39:20.912Z","v":0}
{"name":"hexo","hostname":"lyubingodeMacBook-Air.local","pid":21198,"level":20,"msg":"Plugin loaded: \u001b[35mhexo-filter-cleanup\u001b[39m","time":"2018-06-04T08:39:20.913Z","v":0}
{"name":"hexo","hostname":"lyubingodeMacBook-Air.local","pid":21198,"level":20,"msg":"Plugin loaded: \u001b[35mhexo-generator-archive\u001b[39m","time":"2018-06-04T08:39:20.916Z","v":0}
{"name":"hexo","hostname":"lyubingodeMacBook-Air.local","pid":21198,"level":20,"msg":"Plugin loaded: \u001b[35mhexo-generator-category\u001b[39m","time":"2018-06-04T08:39:20.917Z","v":0}
{"name":"hexo","hostname":"lyubingodeMacBook-Air.local","pid":21198,"level":20,"msg":"Plugin loaded: \u001b[35mhexo-generator-feed\u001b[39m","time":"2018-06-04T08:39:20.919Z","v":0}
{"name":"hexo","hostname":"lyubingodeMacBook-Air.local","pid":21198,"level":20,"msg":"Plugin loaded: \u001b[35mhexo-generator-index\u001b[39m","time":"2018-06-04T08:39:20.920Z","v":0}
{"name":"hexo","hostname":"lyubingodeMacBook-Air.local","pid":21198,"level":20,"msg":"Plugin loaded: \u001b[35mhexo-generator-sitemap\u001b[39m","time":"2018-06-04T08:39:20.923Z","v":0}
{"name":"hexo","hostname":"lyubingodeMacBook-Air.local","pid":21198,"level":20,"msg":"Plugin loaded: \u001b[35mhexo-generator-tag\u001b[39m","time":"2018-06-04T08:39:20.925Z","v":0}
{"name":"hexo","hostname":"lyubingodeMacBook-Air.local","pid":21198,"level":20,"msg":"Plugin loaded: \u001b[35mhexo-renderer-marked\u001b[39m","time":"2018-06-04T08:39:20.934Z","v":0}
{"name":"hexo","hostname":"lyubingodeMacBook-Air.local","pid":21198,"level":20,"msg":"Plugin loaded: \u001b[35mhexo-renderer-ejs\u001b[39m","time":"2018-06-04T08:39:20.940Z","v":0}
{"name":"hexo","hostname":"lyubingodeMacBook-Air.local","pid":21198,"level":20,"msg":"Plugin loaded: \u001b[35mhexo-renderer-sass\u001b[39m","time":"2018-06-04T08:39:20.965Z","v":0}
{"name":"hexo","hostname":"lyubingodeMacBook-Air.local","pid":21198,"level":20,"msg":"Plugin loaded: \u001b[35mhexo-renderer-stylus\u001b[39m","time":"2018-06-04T08:39:20.967Z","v":0}
{"name":"hexo","hostname":"lyubingodeMacBook-Air.local","pid":21198,"level":20,"msg":"Plugin loaded: \u001b[35mhexo-renderer-swig\u001b[39m","time":"2018-06-04T08:39:21.024Z","v":0}
{"name":"hexo","hostname":"lyubingodeMacBook-Air.local","pid":21198,"level":20,"msg":"Plugin loaded: \u001b[35mhexo-server\u001b[39m","time":"2018-06-04T08:39:21.090Z","v":0}
{"name":"hexo","hostname":"lyubingodeMacBook-Air.local","pid":21198,"level":20,"msg":"Script loaded: \u001b[35mthemes/hexo-theme-skapp/scripts/renderer.js\u001b[39m","time":"2018-06-04T08:39:21.100Z","v":0}
{"name":"hexo","hostname":"lyubingodeMacBook-Air.local","pid":21198,"level":20,"msg":"Script loaded: \u001b[35mthemes/hexo-theme-skapp/scripts/helper.js\u001b[39m","time":"2018-06-04T08:39:21.101Z","v":0}
{"name":"hexo","hostname":"lyubingodeMacBook-Air.local","pid":21198,"level":20,"msg":"Loading database.","time":"2018-06-04T08:39:21.109Z","v":0}
{"name":"hexo","hostname":"lyubingodeMacBook-Air.local","pid":21198,"level":30,"msg":"Start processing","time":"2018-06-04T08:39:21.116Z","v":0}
{"name":"hexo","hostname":"lyubingodeMacBook-Air.local","pid":21198,"level":20,"msg":"Processed: \u001b[35m404.md\u001b[39m","time":"2018-06-04T08:39:21.172Z","v":0}
{"name":"hexo","hostname":"lyubingodeMacBook-Air.local","pid":21198,"level":20,"msg":"Theme config loaded.","time":"2018-06-04T08:39:21.179Z","v":0}
{"name":"hexo","hostname":"lyubingodeMacBook-Air.local","pid":21198,"level":20,"msg":"Processed: \u001b[35m_config.yml\u001b[39m","time":"2018-06-04T08:39:21.179Z","v":0}
{"name":"hexo","hostname":"lyubingodeMacBook-Air.local","pid":21198,"level":20,"msg":"Processed: \u001b[35msource/fonts/iconfont.eot\u001b[39m","time":"2018-06-04T08:39:21.182Z","v":0}
{"name":"hexo","hostname":"lyubingodeMacBook-Air.local","pid":21198,"level":20,"msg":"Processed: \u001b[35msource/fonts/iconfont.svg\u001b[39m","time":"2018-06-04T08:39:21.183Z","v":0}
{"name":"hexo","hostname":"lyubingodeMacBook-Air.local","pid":21198,"level":20,"msg":"Processed: \u001b[35msource/fonts/iconfont.ttf\u001b[39m","time":"2018-06-04T08:39:21.183Z","v":0}
{"name":"hexo","hostname":"lyubingodeMacBook-Air.local","pid":21198,"level":20,"msg":"Processed: \u001b[35msource/fonts/iconfont.woff\u001b[39m","time":"2018-06-04T08:39:21.184Z","v":0}
{"name":"hexo","hostname":"lyubingodeMacBook-Air.local","pid":21198,"level":20,"msg":"Processed: \u001b[35msource/img/quotes.png\u001b[39m","time":"2018-06-04T08:39:21.184Z","v":0}
{"name":"hexo","hostname":"lyubingodeMacBook-Air.local","pid":21198,"level":20,"msg":"Processed: \u001b[35msource/js/md5.min.js\u001b[39m","time":"2018-06-04T08:39:21.184Z","v":0}
{"name":"hexo","hostname":"lyubingodeMacBook-Air.local","pid":21198,"level":20,"msg":"Processed: \u001b[35m_posts/hello-world.md\u001b[39m","time":"2018-06-04T08:39:21.198Z","v":0}
{"name":"hexo","hostname":"lyubingodeMacBook-Air.local","pid":21198,"level":20,"msg":"Processed: \u001b[35mabout/index.md\u001b[39m","time":"2018-06-04T08:39:21.198Z","v":0}
{"name":"hexo","hostname":"lyubingodeMacBook-Air.local","pid":21198,"level":20,"msg":"Processed: \u001b[35mlayout/_layout.swig\u001b[39m","time":"2018-06-04T08:39:21.234Z","v":0}
{"name":"hexo","hostname":"lyubingodeMacBook-Air.local","pid":21198,"level":20,"msg":"Processed: \u001b[35mlayout/about.swig\u001b[39m","time":"2018-06-04T08:39:21.235Z","v":0}
{"name":"hexo","hostname":"lyubingodeMacBook-Air.local","pid":21198,"level":20,"msg":"Processed: \u001b[35mlayout/archive.swig\u001b[39m","time":"2018-06-04T08:39:21.235Z","v":0}
{"name":"hexo","hostname":"lyubingodeMacBook-Air.local","pid":21198,"level":20,"msg":"Processed: \u001b[35mlayout/category.swig\u001b[39m","time":"2018-06-04T08:39:21.235Z","v":0}
{"name":"hexo","hostname":"lyubingodeMacBook-Air.local","pid":21198,"level":20,"msg":"Processed: \u001b[35mlayout/error.swig\u001b[39m","time":"2018-06-04T08:39:21.235Z","v":0}
{"name":"hexo","hostname":"lyubingodeMacBook-Air.local","pid":21198,"level":20,"msg":"Processed: \u001b[35mlayout/index.swig\u001b[39m","time":"2018-06-04T08:39:21.235Z","v":0}
{"name":"hexo","hostname":"lyubingodeMacBook-Air.local","pid":21198,"level":20,"msg":"Processed: \u001b[35mlayout/post.swig\u001b[39m","time":"2018-06-04T08:39:21.235Z","v":0}
{"name":"hexo","hostname":"lyubingodeMacBook-Air.local","pid":21198,"level":20,"msg":"Processed: \u001b[35mlayout/search.swig\u001b[39m","time":"2018-06-04T08:39:21.235Z","v":0}
{"name":"hexo","hostname":"lyubingodeMacBook-Air.local","pid":21198,"level":20,"msg":"Processed: \u001b[35mlayout/tag.swig\u001b[39m","time":"2018-06-04T08:39:21.235Z","v":0}
{"name":"hexo","hostname":"lyubingodeMacBook-Air.local","pid":21198,"level":20,"msg":"Processed: \u001b[35msearch/index.md\u001b[39m","time":"2018-06-04T08:39:21.237Z","v":0}
{"name":"hexo","hostname":"lyubingodeMacBook-Air.local","pid":21198,"level":20,"msg":"Processed: \u001b[35mlanguages/en.yml\u001b[39m","time":"2018-06-04T08:39:21.237Z","v":0}
{"name":"hexo","hostname":"lyubingodeMacBook-Air.local","pid":21198,"level":20,"msg":"Processed: \u001b[35mlanguages/zh-cn.yml\u001b[39m","time":"2018-06-04T08:39:21.238Z","v":0}
{"name":"hexo","hostname":"lyubingodeMacBook-Air.local","pid":21198,"level":20,"msg":"Processed: \u001b[35msource/js/common/animation.js\u001b[39m","time":"2018-06-04T08:39:21.247Z","v":0}
{"name":"hexo","hostname":"lyubingodeMacBook-Air.local","pid":21198,"level":20,"msg":"Processed: \u001b[35msource/js/common/pack.js\u001b[39m","time":"2018-06-04T08:39:21.247Z","v":0}
{"name":"hexo","hostname":"lyubingodeMacBook-Air.local","pid":21198,"level":20,"msg":"Processed: \u001b[35msource/js/common/utils.js\u001b[39m","time":"2018-06-04T08:39:21.248Z","v":0}
{"name":"hexo","hostname":"lyubingodeMacBook-Air.local","pid":21198,"level":20,"msg":"Processed: \u001b[35msource/js/libs/axios.min.js\u001b[39m","time":"2018-06-04T08:39:21.251Z","v":0}
{"name":"hexo","hostname":"lyubingodeMacBook-Air.local","pid":21198,"level":20,"msg":"Processed: \u001b[35msource/js/libs/lunr.min.js\u001b[39m","time":"2018-06-04T08:39:21.251Z","v":0}
{"name":"hexo","hostname":"lyubingodeMacBook-Air.local","pid":21198,"level":20,"msg":"Processed: \u001b[35msource/js/page/post.js\u001b[39m","time":"2018-06-04T08:39:21.252Z","v":0}
{"name":"hexo","hostname":"lyubingodeMacBook-Air.local","pid":21198,"level":20,"msg":"Processed: \u001b[35msource/js/page/search.js\u001b[39m","time":"2018-06-04T08:39:21.252Z","v":0}
{"name":"hexo","hostname":"lyubingodeMacBook-Air.local","pid":21198,"level":20,"msg":"Processed: \u001b[35msource/scss/base/index.scss\u001b[39m","time":"2018-06-04T08:39:21.253Z","v":0}
{"name":"hexo","hostname":"lyubingodeMacBook-Air.local","pid":21198,"level":20,"msg":"Processed: \u001b[35msource/scss/views/page/about.scss\u001b[39m","time":"2018-06-04T08:39:21.276Z","v":0}
{"name":"hexo","hostname":"lyubingodeMacBook-Air.local","pid":21198,"level":20,"msg":"Processed: \u001b[35msource/scss/views/page/archive.scss\u001b[39m","time":"2018-06-04T08:39:21.277Z","v":0}
{"name":"hexo","hostname":"lyubingodeMacBook-Air.local","pid":21198,"level":20,"msg":"Processed: \u001b[35msource/scss/views/page/category.scss\u001b[39m","time":"2018-06-04T08:39:21.277Z","v":0}
{"name":"hexo","hostname":"lyubingodeMacBook-Air.local","pid":21198,"level":20,"msg":"Processed: \u001b[35msource/scss/views/page/error.scss\u001b[39m","time":"2018-06-04T08:39:21.278Z","v":0}
{"name":"hexo","hostname":"lyubingodeMacBook-Air.local","pid":21198,"level":20,"msg":"Processed: \u001b[35msource/scss/views/page/index.scss\u001b[39m","time":"2018-06-04T08:39:21.278Z","v":0}
{"name":"hexo","hostname":"lyubingodeMacBook-Air.local","pid":21198,"level":20,"msg":"Processed: \u001b[35msource/scss/views/page/post.scss\u001b[39m","time":"2018-06-04T08:39:21.279Z","v":0}
{"name":"hexo","hostname":"lyubingodeMacBook-Air.local","pid":21198,"level":20,"msg":"Processed: \u001b[35msource/scss/views/page/search.scss\u001b[39m","time":"2018-06-04T08:39:21.280Z","v":0}
{"name":"hexo","hostname":"lyubingodeMacBook-Air.local","pid":21198,"level":20,"msg":"Processed: \u001b[35msource/scss/views/page/tag.scss\u001b[39m","time":"2018-06-04T08:39:21.280Z","v":0}
{"name":"hexo","hostname":"lyubingodeMacBook-Air.local","pid":21198,"level":20,"msg":"Processed: \u001b[35mlayout/_partial/about/main.swig\u001b[39m","time":"2018-06-04T08:39:21.350Z","v":0}
{"name":"hexo","hostname":"lyubingodeMacBook-Air.local","pid":21198,"level":20,"msg":"Processed: \u001b[35mlayout/_partial/archive/main.swig\u001b[39m","time":"2018-06-04T08:39:21.351Z","v":0}
{"name":"hexo","hostname":"lyubingodeMacBook-Air.local","pid":21198,"level":20,"msg":"Processed: \u001b[35mlayout/_partial/category/main.swig\u001b[39m","time":"2018-06-04T08:39:21.351Z","v":0}
{"name":"hexo","hostname":"lyubingodeMacBook-Air.local","pid":21198,"level":20,"msg":"Processed: \u001b[35mlayout/_partial/error/main.swig\u001b[39m","time":"2018-06-04T08:39:21.351Z","v":0}
{"name":"hexo","hostname":"lyubingodeMacBook-Air.local","pid":21198,"level":20,"msg":"Processed: \u001b[35mlayout/_partial/common/analytics.swig\u001b[39m","time":"2018-06-04T08:39:21.351Z","v":0}
{"name":"hexo","hostname":"lyubingodeMacBook-Air.local","pid":21198,"level":20,"msg":"Processed: \u001b[35mlayout/_partial/common/back-top.swig\u001b[39m","time":"2018-06-04T08:39:21.351Z","v":0}
{"name":"hexo","hostname":"lyubingodeMacBook-Air.local","pid":21198,"level":20,"msg":"Processed: \u001b[35mlayout/_partial/common/comment.swig\u001b[39m","time":"2018-06-04T08:39:21.351Z","v":0}
{"name":"hexo","hostname":"lyubingodeMacBook-Air.local","pid":21198,"level":20,"msg":"Processed: \u001b[35mlayout/_partial/common/error-header.swig\u001b[39m","time":"2018-06-04T08:39:21.351Z","v":0}
{"name":"hexo","hostname":"lyubingodeMacBook-Air.local","pid":21198,"level":20,"msg":"Processed: \u001b[35mlayout/_partial/common/footer.swig\u001b[39m","time":"2018-06-04T08:39:21.351Z","v":0}
{"name":"hexo","hostname":"lyubingodeMacBook-Air.local","pid":21198,"level":20,"msg":"Processed: \u001b[35mlayout/_partial/common/head.swig\u001b[39m","time":"2018-06-04T08:39:21.352Z","v":0}
{"name":"hexo","hostname":"lyubingodeMacBook-Air.local","pid":21198,"level":20,"msg":"Processed: \u001b[35mlayout/_partial/common/header.swig\u001b[39m","time":"2018-06-04T08:39:21.352Z","v":0}
{"name":"hexo","hostname":"lyubingodeMacBook-Air.local","pid":21198,"level":20,"msg":"Processed: \u001b[35mlayout/_partial/common/loader.swig\u001b[39m","time":"2018-06-04T08:39:21.352Z","v":0}
{"name":"hexo","hostname":"lyubingodeMacBook-Air.local","pid":21198,"level":20,"msg":"Processed: \u001b[35mlayout/_partial/common/math.swig\u001b[39m","time":"2018-06-04T08:39:21.352Z","v":0}
{"name":"hexo","hostname":"lyubingodeMacBook-Air.local","pid":21198,"level":20,"msg":"Processed: \u001b[35mlayout/_partial/common/prefetch.swig\u001b[39m","time":"2018-06-04T08:39:21.352Z","v":0}
{"name":"hexo","hostname":"lyubingodeMacBook-Air.local","pid":21198,"level":20,"msg":"Processed: \u001b[35mlayout/_partial/common/sidebar.swig\u001b[39m","time":"2018-06-04T08:39:21.352Z","v":0}
{"name":"hexo","hostname":"lyubingodeMacBook-Air.local","pid":21198,"level":20,"msg":"Processed: \u001b[35mlayout/_partial/common/small-header.swig\u001b[39m","time":"2018-06-04T08:39:21.352Z","v":0}
{"name":"hexo","hostname":"lyubingodeMacBook-Air.local","pid":21198,"level":20,"msg":"Processed: \u001b[35mlayout/_partial/index/main.swig\u001b[39m","time":"2018-06-04T08:39:21.352Z","v":0}
{"name":"hexo","hostname":"lyubingodeMacBook-Air.local","pid":21198,"level":20,"msg":"Processed: \u001b[35mlayout/_partial/post/content.swig\u001b[39m","time":"2018-06-04T08:39:21.353Z","v":0}
{"name":"hexo","hostname":"lyubingodeMacBook-Air.local","pid":21198,"level":20,"msg":"Processed: \u001b[35mlayout/_partial/post/main.swig\u001b[39m","time":"2018-06-04T08:39:21.353Z","v":0}
{"name":"hexo","hostname":"lyubingodeMacBook-Air.local","pid":21198,"level":20,"msg":"Processed: \u001b[35mlayout/_partial/post/mini.swig\u001b[39m","time":"2018-06-04T08:39:21.353Z","v":0}
{"name":"hexo","hostname":"lyubingodeMacBook-Air.local","pid":21198,"level":20,"msg":"Processed: \u001b[35mlayout/_partial/search/main.swig\u001b[39m","time":"2018-06-04T08:39:21.353Z","v":0}
{"name":"hexo","hostname":"lyubingodeMacBook-Air.local","pid":21198,"level":20,"msg":"Processed: \u001b[35mlayout/_partial/tag/main.swig\u001b[39m","time":"2018-06-04T08:39:21.353Z","v":0}
{"name":"hexo","hostname":"lyubingodeMacBook-Air.local","pid":21198,"level":20,"msg":"Processed: \u001b[35mlayout/_partial/post/post-statistical.swig\u001b[39m","time":"2018-06-04T08:39:21.353Z","v":0}
{"name":"hexo","hostname":"lyubingodeMacBook-Air.local","pid":21198,"level":20,"msg":"Processed: \u001b[35msource/js/layout/back-top.js\u001b[39m","time":"2018-06-04T08:39:21.353Z","v":0}
{"name":"hexo","hostname":"lyubingodeMacBook-Air.local","pid":21198,"level":20,"msg":"Processed: \u001b[35msource/js/layout/header.js\u001b[39m","time":"2018-06-04T08:39:21.354Z","v":0}
{"name":"hexo","hostname":"lyubingodeMacBook-Air.local","pid":21198,"level":20,"msg":"Processed: \u001b[35msource/js/layout/loading.js\u001b[39m","time":"2018-06-04T08:39:21.354Z","v":0}
{"name":"hexo","hostname":"lyubingodeMacBook-Air.local","pid":21198,"level":20,"msg":"Processed: \u001b[35msource/js/layout/post.js\u001b[39m","time":"2018-06-04T08:39:21.354Z","v":0}
{"name":"hexo","hostname":"lyubingodeMacBook-Air.local","pid":21198,"level":20,"msg":"Processed: \u001b[35msource/scss/views/layout/_back-top.scss\u001b[39m","time":"2018-06-04T08:39:21.356Z","v":0}
{"name":"hexo","hostname":"lyubingodeMacBook-Air.local","pid":21198,"level":20,"msg":"Processed: \u001b[35msource/scss/views/layout/_container.scss\u001b[39m","time":"2018-06-04T08:39:21.356Z","v":0}
{"name":"hexo","hostname":"lyubingodeMacBook-Air.local","pid":21198,"level":20,"msg":"Processed: \u001b[35msource/scss/views/layout/_footer.scss\u001b[39m","time":"2018-06-04T08:39:21.356Z","v":0}
{"name":"hexo","hostname":"lyubingodeMacBook-Air.local","pid":21198,"level":20,"msg":"Processed: \u001b[35msource/scss/views/layout/_header.scss\u001b[39m","time":"2018-06-04T08:39:21.356Z","v":0}
{"name":"hexo","hostname":"lyubingodeMacBook-Air.local","pid":21198,"level":20,"msg":"Processed: \u001b[35msource/scss/views/layout/_index.scss\u001b[39m","time":"2018-06-04T08:39:21.356Z","v":0}
{"name":"hexo","hostname":"lyubingodeMacBook-Air.local","pid":21198,"level":20,"msg":"Processed: \u001b[35msource/scss/views/layout/_loading.scss\u001b[39m","time":"2018-06-04T08:39:21.356Z","v":0}
{"name":"hexo","hostname":"lyubingodeMacBook-Air.local","pid":21198,"level":20,"msg":"Processed: \u001b[35msource/scss/views/layout/_mini-post.scss\u001b[39m","time":"2018-06-04T08:39:21.357Z","v":0}
{"name":"hexo","hostname":"lyubingodeMacBook-Air.local","pid":21198,"level":20,"msg":"Processed: \u001b[35msource/scss/views/layout/_paginator.scss\u001b[39m","time":"2018-06-04T08:39:21.357Z","v":0}
{"name":"hexo","hostname":"lyubingodeMacBook-Air.local","pid":21198,"level":20,"msg":"Processed: \u001b[35msource/scss/views/layout/_sidebar.scss\u001b[39m","time":"2018-06-04T08:39:21.359Z","v":0}
{"name":"hexo","hostname":"lyubingodeMacBook-Air.local","pid":21198,"level":20,"msg":"Generator: \u001b[35mpage\u001b[39m","time":"2018-06-04T08:39:22.334Z","v":0}
{"name":"hexo","hostname":"lyubingodeMacBook-Air.local","pid":21198,"level":20,"msg":"Generator: \u001b[35mpost\u001b[39m","time":"2018-06-04T08:39:22.334Z","v":0}
{"name":"hexo","hostname":"lyubingodeMacBook-Air.local","pid":21198,"level":20,"msg":"Generator: \u001b[35marchive\u001b[39m","time":"2018-06-04T08:39:22.334Z","v":0}
{"name":"hexo","hostname":"lyubingodeMacBook-Air.local","pid":21198,"level":20,"msg":"Generator: \u001b[35mcategory\u001b[39m","time":"2018-06-04T08:39:22.334Z","v":0}
{"name":"hexo","hostname":"lyubingodeMacBook-Air.local","pid":21198,"level":20,"msg":"Generator: \u001b[35mfeed\u001b[39m","time":"2018-06-04T08:39:22.334Z","v":0}
{"name":"hexo","hostname":"lyubingodeMacBook-Air.local","pid":21198,"level":20,"msg":"Generator: \u001b[35mindex\u001b[39m","time":"2018-06-04T08:39:22.334Z","v":0}
{"name":"hexo","hostname":"lyubingodeMacBook-Air.local","pid":21198,"level":20,"msg":"Generator: \u001b[35msitemap\u001b[39m","time":"2018-06-04T08:39:22.335Z","v":0}
{"name":"hexo","hostname":"lyubingodeMacBook-Air.local","pid":21198,"level":20,"msg":"Generator: \u001b[35mtag\u001b[39m","time":"2018-06-04T08:39:22.335Z","v":0}
{"name":"hexo","hostname":"lyubingodeMacBook-Air.local","pid":21198,"level":20,"msg":"Generator: \u001b[35mlunr\u001b[39m","time":"2018-06-04T08:39:22.335Z","v":0}
{"name":"hexo","hostname":"lyubingodeMacBook-Air.local","pid":21198,"level":20,"msg":"Generator: \u001b[35masset\u001b[39m","time":"2018-06-04T08:39:22.336Z","v":0}
{"name":"hexo","hostname":"lyubingodeMacBook-Air.local","pid":21198,"level":30,"msg":"Hexo is running at \u001b[4mhttp://localhost:4000/lyubingo/\u001b[24m. Press Ctrl+C to stop.","time":"2018-06-04T08:39:22.340Z","v":0}
{"name":"hexo","hostname":"lyubingodeMacBook-Air.local","pid":21198,"level":20,"msg":"Database saved","time":"2018-06-04T08:39:22.345Z","v":0}
{"name":"hexo","hostname":"lyubingodeMacBook-Air.local","pid":21198,"level":20,"msg":"Rendering index: \u001b[35mindex.html\u001b[39m","time":"2018-06-04T08:39:27.514Z","v":0}
{"name":"hexo","hostname":"lyubingodeMacBook-Air.local","pid":21198,"level":20,"msg":"Rendering index: \u001b[35mindex.html\u001b[39m","time":"2018-06-04T08:39:29.942Z","v":0}
{"name":"hexo","hostname":"lyubingodeMacBook-Air.local","pid":21198,"level":20,"msg":"Rendering index: \u001b[35mindex.html\u001b[39m","time":"2018-06-04T08:39:35.537Z","v":0}
{"name":"hexo","hostname":"lyubingodeMacBook-Air.local","pid":21198,"level":20,"msg":"Rendering index: \u001b[35mindex.html\u001b[39m","time":"2018-06-04T08:39:38.134Z","v":0}
{"name":"hexo","hostname":"lyubingodeMacBook-Air.local","pid":21198,"level":20,"msg":"Rendering index: \u001b[35mindex.html\u001b[39m","time":"2018-06-04T08:42:08.185Z","v":0}
{"name":"hexo","hostname":"lyubingodeMacBook-Air.local","pid":21198,"level":30,"msg":"Good bye","time":"2018-06-04T08:43:08.095Z","v":0}
{"name":"hexo","hostname":"lyubingodeMacBook-Air.local","pid":21198,"level":20,"msg":"Database saved","time":"2018-06-04T08:43:08.109Z","v":0}
{"name":"hexo","hostname":"lyubingodeMacBook-Air.local","pid":21276,"level":20,"msg":"Hexo version: \u001b[35m3.7.1\u001b[39m","time":"2018-06-04T08:49:17.613Z","v":0}
{"name":"hexo","hostname":"lyubingodeMacBook-Air.local","pid":21276,"level":20,"msg":"Working directory: \u001b[35m~/blog/github/lyubingo.github.com/\u001b[39m","time":"2018-06-04T08:49:17.616Z","v":0}
{"name":"hexo","hostname":"lyubingodeMacBook-Air.local","pid":21276,"level":20,"msg":"Config loaded: \u001b[35m~/blog/github/lyubingo.github.com/_config.yml\u001b[39m","time":"2018-06-04T08:49:17.714Z","v":0}
{"name":"hexo","hostname":"lyubingodeMacBook-Air.local","pid":21276,"level":20,"msg":"Plugin loaded: \u001b[35mhexo-deployer-git\u001b[39m","time":"2018-06-04T08:49:17.753Z","v":0}
{"name":"hexo","hostname":"lyubingodeMacBook-Air.local","pid":21276,"level":20,"msg":"Plugin loaded: \u001b[35mhexo-autoprefixer\u001b[39m","time":"2018-06-04T08:49:17.934Z","v":0}
{"name":"hexo","hostname":"lyubingodeMacBook-Air.local","pid":21276,"level":20,"msg":"Plugin loaded: \u001b[35mhexo-filter-cleanup\u001b[39m","time":"2018-06-04T08:49:17.935Z","v":0}
{"name":"hexo","hostname":"lyubingodeMacBook-Air.local","pid":21276,"level":20,"msg":"Plugin loaded: \u001b[35mhexo-generator-archive\u001b[39m","time":"2018-06-04T08:49:17.938Z","v":0}
{"name":"hexo","hostname":"lyubingodeMacBook-Air.local","pid":21276,"level":20,"msg":"Plugin loaded: \u001b[35mhexo-generator-category\u001b[39m","time":"2018-06-04T08:49:17.940Z","v":0}
{"name":"hexo","hostname":"lyubingodeMacBook-Air.local","pid":21276,"level":20,"msg":"Plugin loaded: \u001b[35mhexo-generator-feed\u001b[39m","time":"2018-06-04T08:49:17.942Z","v":0}
{"name":"hexo","hostname":"lyubingodeMacBook-Air.local","pid":21276,"level":20,"msg":"Plugin loaded: \u001b[35mhexo-generator-index\u001b[39m","time":"2018-06-04T08:49:17.943Z","v":0}
{"name":"hexo","hostname":"lyubingodeMacBook-Air.local","pid":21276,"level":20,"msg":"Plugin loaded: \u001b[35mhexo-generator-sitemap\u001b[39m","time":"2018-06-04T08:49:17.944Z","v":0}
{"name":"hexo","hostname":"lyubingodeMacBook-Air.local","pid":21276,"level":20,"msg":"Plugin loaded: \u001b[35mhexo-generator-tag\u001b[39m","time":"2018-06-04T08:49:17.945Z","v":0}
{"name":"hexo","hostname":"lyubingodeMacBook-Air.local","pid":21276,"level":20,"msg":"Plugin loaded: \u001b[35mhexo-renderer-ejs\u001b[39m","time":"2018-06-04T08:49:17.948Z","v":0}
{"name":"hexo","hostname":"lyubingodeMacBook-Air.local","pid":21276,"level":20,"msg":"Plugin loaded: \u001b[35mhexo-renderer-sass\u001b[39m","time":"2018-06-04T08:49:17.967Z","v":0}
{"name":"hexo","hostname":"lyubingodeMacBook-Air.local","pid":21276,"level":20,"msg":"Plugin loaded: \u001b[35mhexo-renderer-marked\u001b[39m","time":"2018-06-04T08:49:17.973Z","v":0}
{"name":"hexo","hostname":"lyubingodeMacBook-Air.local","pid":21276,"level":20,"msg":"Plugin loaded: \u001b[35mhexo-renderer-stylus\u001b[39m","time":"2018-06-04T08:49:17.974Z","v":0}
{"name":"hexo","hostname":"lyubingodeMacBook-Air.local","pid":21276,"level":20,"msg":"Plugin loaded: \u001b[35mhexo-renderer-swig\u001b[39m","time":"2018-06-04T08:49:18.022Z","v":0}
{"name":"hexo","hostname":"lyubingodeMacBook-Air.local","pid":21276,"level":20,"msg":"Plugin loaded: \u001b[35mhexo-server\u001b[39m","time":"2018-06-04T08:49:18.086Z","v":0}
{"name":"hexo","hostname":"lyubingodeMacBook-Air.local","pid":21276,"level":20,"msg":"Script loaded: \u001b[35mthemes/hexo-theme-skapp/scripts/helper.js\u001b[39m","time":"2018-06-04T08:49:18.090Z","v":0}
{"name":"hexo","hostname":"lyubingodeMacBook-Air.local","pid":21276,"level":20,"msg":"Script loaded: \u001b[35mthemes/hexo-theme-skapp/scripts/renderer.js\u001b[39m","time":"2018-06-04T08:49:18.095Z","v":0}
{"name":"hexo","hostname":"lyubingodeMacBook-Air.local","pid":21276,"level":20,"msg":"Loading database.","time":"2018-06-04T08:49:18.101Z","v":0}
{"name":"hexo","hostname":"lyubingodeMacBook-Air.local","pid":21276,"level":30,"msg":"Start processing","time":"2018-06-04T08:49:18.107Z","v":0}
{"name":"hexo","hostname":"lyubingodeMacBook-Air.local","pid":21276,"level":20,"msg":"Processed: \u001b[35m404.md\u001b[39m","time":"2018-06-04T08:49:18.154Z","v":0}
{"name":"hexo","hostname":"lyubingodeMacBook-Air.local","pid":21276,"level":20,"msg":"Theme config loaded.","time":"2018-06-04T08:49:18.159Z","v":0}
{"name":"hexo","hostname":"lyubingodeMacBook-Air.local","pid":21276,"level":20,"msg":"Processed: \u001b[35m_config.yml\u001b[39m","time":"2018-06-04T08:49:18.160Z","v":0}
{"name":"hexo","hostname":"lyubingodeMacBook-Air.local","pid":21276,"level":20,"msg":"Processed: \u001b[35msource/fonts/iconfont.eot\u001b[39m","time":"2018-06-04T08:49:18.163Z","v":0}
{"name":"hexo","hostname":"lyubingodeMacBook-Air.local","pid":21276,"level":20,"msg":"Processed: \u001b[35msource/fonts/iconfont.svg\u001b[39m","time":"2018-06-04T08:49:18.163Z","v":0}
{"name":"hexo","hostname":"lyubingodeMacBook-Air.local","pid":21276,"level":20,"msg":"Processed: \u001b[35msource/fonts/iconfont.ttf\u001b[39m","time":"2018-06-04T08:49:18.164Z","v":0}
{"name":"hexo","hostname":"lyubingodeMacBook-Air.local","pid":21276,"level":20,"msg":"Processed: \u001b[35msource/fonts/iconfont.woff\u001b[39m","time":"2018-06-04T08:49:18.164Z","v":0}
{"name":"hexo","hostname":"lyubingodeMacBook-Air.local","pid":21276,"level":20,"msg":"Processed: \u001b[35msource/img/quotes.png\u001b[39m","time":"2018-06-04T08:49:18.164Z","v":0}
{"name":"hexo","hostname":"lyubingodeMacBook-Air.local","pid":21276,"level":20,"msg":"Processed: \u001b[35msource/js/md5.min.js\u001b[39m","time":"2018-06-04T08:49:18.165Z","v":0}
{"name":"hexo","hostname":"lyubingodeMacBook-Air.local","pid":21276,"level":20,"msg":"Processed: \u001b[35mlayout/_layout.swig\u001b[39m","time":"2018-06-04T08:49:18.199Z","v":0}
{"name":"hexo","hostname":"lyubingodeMacBook-Air.local","pid":21276,"level":20,"msg":"Processed: \u001b[35mlayout/about.swig\u001b[39m","time":"2018-06-04T08:49:18.200Z","v":0}
{"name":"hexo","hostname":"lyubingodeMacBook-Air.local","pid":21276,"level":20,"msg":"Processed: \u001b[35mlayout/archive.swig\u001b[39m","time":"2018-06-04T08:49:18.200Z","v":0}
{"name":"hexo","hostname":"lyubingodeMacBook-Air.local","pid":21276,"level":20,"msg":"Processed: \u001b[35mlayout/category.swig\u001b[39m","time":"2018-06-04T08:49:18.200Z","v":0}
{"name":"hexo","hostname":"lyubingodeMacBook-Air.local","pid":21276,"level":20,"msg":"Processed: \u001b[35mlayout/error.swig\u001b[39m","time":"2018-06-04T08:49:18.201Z","v":0}
{"name":"hexo","hostname":"lyubingodeMacBook-Air.local","pid":21276,"level":20,"msg":"Processed: \u001b[35mlayout/index.swig\u001b[39m","time":"2018-06-04T08:49:18.201Z","v":0}
{"name":"hexo","hostname":"lyubingodeMacBook-Air.local","pid":21276,"level":20,"msg":"Processed: \u001b[35mlayout/post.swig\u001b[39m","time":"2018-06-04T08:49:18.201Z","v":0}
{"name":"hexo","hostname":"lyubingodeMacBook-Air.local","pid":21276,"level":20,"msg":"Processed: \u001b[35mlayout/tag.swig\u001b[39m","time":"2018-06-04T08:49:18.201Z","v":0}
{"name":"hexo","hostname":"lyubingodeMacBook-Air.local","pid":21276,"level":20,"msg":"Processed: \u001b[35mlayout/search.swig\u001b[39m","time":"2018-06-04T08:49:18.201Z","v":0}
{"name":"hexo","hostname":"lyubingodeMacBook-Air.local","pid":21276,"level":20,"msg":"Processed: \u001b[35m_posts/hello-world.md\u001b[39m","time":"2018-06-04T08:49:18.209Z","v":0}
{"name":"hexo","hostname":"lyubingodeMacBook-Air.local","pid":21276,"level":20,"msg":"Processed: \u001b[35mabout/index.md\u001b[39m","time":"2018-06-04T08:49:18.209Z","v":0}
{"name":"hexo","hostname":"lyubingodeMacBook-Air.local","pid":21276,"level":20,"msg":"Processed: \u001b[35mlanguages/en.yml\u001b[39m","time":"2018-06-04T08:49:18.210Z","v":0}
{"name":"hexo","hostname":"lyubingodeMacBook-Air.local","pid":21276,"level":20,"msg":"Processed: \u001b[35mlanguages/zh-cn.yml\u001b[39m","time":"2018-06-04T08:49:18.210Z","v":0}
{"name":"hexo","hostname":"lyubingodeMacBook-Air.local","pid":21276,"level":20,"msg":"Processed: \u001b[35msearch/index.md\u001b[39m","time":"2018-06-04T08:49:18.210Z","v":0}
{"name":"hexo","hostname":"lyubingodeMacBook-Air.local","pid":21276,"level":20,"msg":"Processed: \u001b[35msource/js/common/animation.js\u001b[39m","time":"2018-06-04T08:49:18.217Z","v":0}
{"name":"hexo","hostname":"lyubingodeMacBook-Air.local","pid":21276,"level":20,"msg":"Processed: \u001b[35msource/js/common/pack.js\u001b[39m","time":"2018-06-04T08:49:18.218Z","v":0}
{"name":"hexo","hostname":"lyubingodeMacBook-Air.local","pid":21276,"level":20,"msg":"Processed: \u001b[35msource/js/common/utils.js\u001b[39m","time":"2018-06-04T08:49:18.218Z","v":0}
{"name":"hexo","hostname":"lyubingodeMacBook-Air.local","pid":21276,"level":20,"msg":"Processed: \u001b[35msource/js/libs/axios.min.js\u001b[39m","time":"2018-06-04T08:49:18.221Z","v":0}
{"name":"hexo","hostname":"lyubingodeMacBook-Air.local","pid":21276,"level":20,"msg":"Processed: \u001b[35msource/js/libs/lunr.min.js\u001b[39m","time":"2018-06-04T08:49:18.222Z","v":0}
{"name":"hexo","hostname":"lyubingodeMacBook-Air.local","pid":21276,"level":20,"msg":"Processed: \u001b[35msource/js/page/post.js\u001b[39m","time":"2018-06-04T08:49:18.223Z","v":0}
{"name":"hexo","hostname":"lyubingodeMacBook-Air.local","pid":21276,"level":20,"msg":"Processed: \u001b[35msource/js/page/search.js\u001b[39m","time":"2018-06-04T08:49:18.223Z","v":0}
{"name":"hexo","hostname":"lyubingodeMacBook-Air.local","pid":21276,"level":20,"msg":"Processed: \u001b[35msource/scss/base/index.scss\u001b[39m","time":"2018-06-04T08:49:18.224Z","v":0}
{"name":"hexo","hostname":"lyubingodeMacBook-Air.local","pid":21276,"level":20,"msg":"Processed: \u001b[35msource/scss/views/page/about.scss\u001b[39m","time":"2018-06-04T08:49:18.243Z","v":0}
{"name":"hexo","hostname":"lyubingodeMacBook-Air.local","pid":21276,"level":20,"msg":"Processed: \u001b[35msource/scss/views/page/archive.scss\u001b[39m","time":"2018-06-04T08:49:18.244Z","v":0}
{"name":"hexo","hostname":"lyubingodeMacBook-Air.local","pid":21276,"level":20,"msg":"Processed: \u001b[35msource/scss/views/page/category.scss\u001b[39m","time":"2018-06-04T08:49:18.245Z","v":0}
{"name":"hexo","hostname":"lyubingodeMacBook-Air.local","pid":21276,"level":20,"msg":"Processed: \u001b[35msource/scss/views/page/error.scss\u001b[39m","time":"2018-06-04T08:49:18.246Z","v":0}
{"name":"hexo","hostname":"lyubingodeMacBook-Air.local","pid":21276,"level":20,"msg":"Processed: \u001b[35msource/scss/views/page/index.scss\u001b[39m","time":"2018-06-04T08:49:18.246Z","v":0}
{"name":"hexo","hostname":"lyubingodeMacBook-Air.local","pid":21276,"level":20,"msg":"Processed: \u001b[35msource/scss/views/page/post.scss\u001b[39m","time":"2018-06-04T08:49:18.246Z","v":0}
{"name":"hexo","hostname":"lyubingodeMacBook-Air.local","pid":21276,"level":20,"msg":"Processed: \u001b[35msource/scss/views/page/search.scss\u001b[39m","time":"2018-06-04T08:49:18.247Z","v":0}
{"name":"hexo","hostname":"lyubingodeMacBook-Air.local","pid":21276,"level":20,"msg":"Processed: \u001b[35msource/scss/views/page/tag.scss\u001b[39m","time":"2018-06-04T08:49:18.247Z","v":0}
{"name":"hexo","hostname":"lyubingodeMacBook-Air.local","pid":21276,"level":20,"msg":"Processed: \u001b[35mlayout/_partial/about/main.swig\u001b[39m","time":"2018-06-04T08:49:18.285Z","v":0}
{"name":"hexo","hostname":"lyubingodeMacBook-Air.local","pid":21276,"level":20,"msg":"Processed: \u001b[35mlayout/_partial/archive/main.swig\u001b[39m","time":"2018-06-04T08:49:18.285Z","v":0}
{"name":"hexo","hostname":"lyubingodeMacBook-Air.local","pid":21276,"level":20,"msg":"Processed: \u001b[35mlayout/_partial/category/main.swig\u001b[39m","time":"2018-06-04T08:49:18.285Z","v":0}
{"name":"hexo","hostname":"lyubingodeMacBook-Air.local","pid":21276,"level":20,"msg":"Processed: \u001b[35mlayout/_partial/common/analytics.swig\u001b[39m","time":"2018-06-04T08:49:18.285Z","v":0}
{"name":"hexo","hostname":"lyubingodeMacBook-Air.local","pid":21276,"level":20,"msg":"Processed: \u001b[35mlayout/_partial/common/back-top.swig\u001b[39m","time":"2018-06-04T08:49:18.285Z","v":0}
{"name":"hexo","hostname":"lyubingodeMacBook-Air.local","pid":21276,"level":20,"msg":"Processed: \u001b[35mlayout/_partial/common/comment.swig\u001b[39m","time":"2018-06-04T08:49:18.286Z","v":0}
{"name":"hexo","hostname":"lyubingodeMacBook-Air.local","pid":21276,"level":20,"msg":"Processed: \u001b[35mlayout/_partial/common/error-header.swig\u001b[39m","time":"2018-06-04T08:49:18.286Z","v":0}
{"name":"hexo","hostname":"lyubingodeMacBook-Air.local","pid":21276,"level":20,"msg":"Processed: \u001b[35mlayout/_partial/common/footer.swig\u001b[39m","time":"2018-06-04T08:49:18.286Z","v":0}
{"name":"hexo","hostname":"lyubingodeMacBook-Air.local","pid":21276,"level":20,"msg":"Processed: \u001b[35mlayout/_partial/common/head.swig\u001b[39m","time":"2018-06-04T08:49:18.286Z","v":0}
{"name":"hexo","hostname":"lyubingodeMacBook-Air.local","pid":21276,"level":20,"msg":"Processed: \u001b[35mlayout/_partial/common/header.swig\u001b[39m","time":"2018-06-04T08:49:18.286Z","v":0}
{"name":"hexo","hostname":"lyubingodeMacBook-Air.local","pid":21276,"level":20,"msg":"Processed: \u001b[35mlayout/_partial/common/loader.swig\u001b[39m","time":"2018-06-04T08:49:18.286Z","v":0}
{"name":"hexo","hostname":"lyubingodeMacBook-Air.local","pid":21276,"level":20,"msg":"Processed: \u001b[35mlayout/_partial/common/math.swig\u001b[39m","time":"2018-06-04T08:49:18.286Z","v":0}
{"name":"hexo","hostname":"lyubingodeMacBook-Air.local","pid":21276,"level":20,"msg":"Processed: \u001b[35mlayout/_partial/common/prefetch.swig\u001b[39m","time":"2018-06-04T08:49:18.286Z","v":0}
{"name":"hexo","hostname":"lyubingodeMacBook-Air.local","pid":21276,"level":20,"msg":"Processed: \u001b[35mlayout/_partial/common/sidebar.swig\u001b[39m","time":"2018-06-04T08:49:18.286Z","v":0}
{"name":"hexo","hostname":"lyubingodeMacBook-Air.local","pid":21276,"level":20,"msg":"Processed: \u001b[35mlayout/_partial/common/small-header.swig\u001b[39m","time":"2018-06-04T08:49:18.286Z","v":0}
{"name":"hexo","hostname":"lyubingodeMacBook-Air.local","pid":21276,"level":20,"msg":"Processed: \u001b[35mlayout/_partial/error/main.swig\u001b[39m","time":"2018-06-04T08:49:18.287Z","v":0}
{"name":"hexo","hostname":"lyubingodeMacBook-Air.local","pid":21276,"level":20,"msg":"Processed: \u001b[35mlayout/_partial/index/main.swig\u001b[39m","time":"2018-06-04T08:49:18.287Z","v":0}
{"name":"hexo","hostname":"lyubingodeMacBook-Air.local","pid":21276,"level":20,"msg":"Processed: \u001b[35mlayout/_partial/post/content.swig\u001b[39m","time":"2018-06-04T08:49:18.287Z","v":0}
{"name":"hexo","hostname":"lyubingodeMacBook-Air.local","pid":21276,"level":20,"msg":"Processed: \u001b[35mlayout/_partial/post/main.swig\u001b[39m","time":"2018-06-04T08:49:18.287Z","v":0}
{"name":"hexo","hostname":"lyubingodeMacBook-Air.local","pid":21276,"level":20,"msg":"Processed: \u001b[35mlayout/_partial/post/mini.swig\u001b[39m","time":"2018-06-04T08:49:18.287Z","v":0}
{"name":"hexo","hostname":"lyubingodeMacBook-Air.local","pid":21276,"level":20,"msg":"Processed: \u001b[35mlayout/_partial/post/post-statistical.swig\u001b[39m","time":"2018-06-04T08:49:18.287Z","v":0}
{"name":"hexo","hostname":"lyubingodeMacBook-Air.local","pid":21276,"level":20,"msg":"Processed: \u001b[35mlayout/_partial/search/main.swig\u001b[39m","time":"2018-06-04T08:49:18.287Z","v":0}
{"name":"hexo","hostname":"lyubingodeMacBook-Air.local","pid":21276,"level":20,"msg":"Processed: \u001b[35mlayout/_partial/tag/main.swig\u001b[39m","time":"2018-06-04T08:49:18.287Z","v":0}
{"name":"hexo","hostname":"lyubingodeMacBook-Air.local","pid":21276,"level":20,"msg":"Processed: \u001b[35msource/js/layout/back-top.js\u001b[39m","time":"2018-06-04T08:49:18.287Z","v":0}
{"name":"hexo","hostname":"lyubingodeMacBook-Air.local","pid":21276,"level":20,"msg":"Processed: \u001b[35msource/js/layout/header.js\u001b[39m","time":"2018-06-04T08:49:18.287Z","v":0}
{"name":"hexo","hostname":"lyubingodeMacBook-Air.local","pid":21276,"level":20,"msg":"Processed: \u001b[35msource/js/layout/loading.js\u001b[39m","time":"2018-06-04T08:49:18.288Z","v":0}
{"name":"hexo","hostname":"lyubingodeMacBook-Air.local","pid":21276,"level":20,"msg":"Processed: \u001b[35msource/js/layout/post.js\u001b[39m","time":"2018-06-04T08:49:18.288Z","v":0}
{"name":"hexo","hostname":"lyubingodeMacBook-Air.local","pid":21276,"level":20,"msg":"Processed: \u001b[35msource/scss/views/layout/_back-top.scss\u001b[39m","time":"2018-06-04T08:49:18.291Z","v":0}
{"name":"hexo","hostname":"lyubingodeMacBook-Air.local","pid":21276,"level":20,"msg":"Processed: \u001b[35msource/scss/views/layout/_container.scss\u001b[39m","time":"2018-06-04T08:49:18.291Z","v":0}
{"name":"hexo","hostname":"lyubingodeMacBook-Air.local","pid":21276,"level":20,"msg":"Processed: \u001b[35msource/scss/views/layout/_footer.scss\u001b[39m","time":"2018-06-04T08:49:18.291Z","v":0}
{"name":"hexo","hostname":"lyubingodeMacBook-Air.local","pid":21276,"level":20,"msg":"Processed: \u001b[35msource/scss/views/layout/_header.scss\u001b[39m","time":"2018-06-04T08:49:18.291Z","v":0}
{"name":"hexo","hostname":"lyubingodeMacBook-Air.local","pid":21276,"level":20,"msg":"Processed: \u001b[35msource/scss/views/layout/_index.scss\u001b[39m","time":"2018-06-04T08:49:18.291Z","v":0}
{"name":"hexo","hostname":"lyubingodeMacBook-Air.local","pid":21276,"level":20,"msg":"Processed: \u001b[35msource/scss/views/layout/_loading.scss\u001b[39m","time":"2018-06-04T08:49:18.291Z","v":0}
{"name":"hexo","hostname":"lyubingodeMacBook-Air.local","pid":21276,"level":20,"msg":"Processed: \u001b[35msource/scss/views/layout/_mini-post.scss\u001b[39m","time":"2018-06-04T08:49:18.292Z","v":0}
{"name":"hexo","hostname":"lyubingodeMacBook-Air.local","pid":21276,"level":20,"msg":"Processed: \u001b[35msource/scss/views/layout/_paginator.scss\u001b[39m","time":"2018-06-04T08:49:18.292Z","v":0}
{"name":"hexo","hostname":"lyubingodeMacBook-Air.local","pid":21276,"level":20,"msg":"Processed: \u001b[35msource/scss/views/layout/_sidebar.scss\u001b[39m","time":"2018-06-04T08:49:18.294Z","v":0}
{"name":"hexo","hostname":"lyubingodeMacBook-Air.local","pid":21276,"level":20,"msg":"Generator: \u001b[35mpage\u001b[39m","time":"2018-06-04T08:49:19.324Z","v":0}
{"name":"hexo","hostname":"lyubingodeMacBook-Air.local","pid":21276,"level":20,"msg":"Generator: \u001b[35mpost\u001b[39m","time":"2018-06-04T08:49:19.324Z","v":0}
{"name":"hexo","hostname":"lyubingodeMacBook-Air.local","pid":21276,"level":20,"msg":"Generator: \u001b[35marchive\u001b[39m","time":"2018-06-04T08:49:19.324Z","v":0}
{"name":"hexo","hostname":"lyubingodeMacBook-Air.local","pid":21276,"level":20,"msg":"Generator: \u001b[35mcategory\u001b[39m","time":"2018-06-04T08:49:19.324Z","v":0}
{"name":"hexo","hostname":"lyubingodeMacBook-Air.local","pid":21276,"level":20,"msg":"Generator: \u001b[35mfeed\u001b[39m","time":"2018-06-04T08:49:19.324Z","v":0}
{"name":"hexo","hostname":"lyubingodeMacBook-Air.local","pid":21276,"level":20,"msg":"Generator: \u001b[35mindex\u001b[39m","time":"2018-06-04T08:49:19.324Z","v":0}
{"name":"hexo","hostname":"lyubingodeMacBook-Air.local","pid":21276,"level":20,"msg":"Generator: \u001b[35msitemap\u001b[39m","time":"2018-06-04T08:49:19.324Z","v":0}
{"name":"hexo","hostname":"lyubingodeMacBook-Air.local","pid":21276,"level":20,"msg":"Generator: \u001b[35mtag\u001b[39m","time":"2018-06-04T08:49:19.325Z","v":0}
{"name":"hexo","hostname":"lyubingodeMacBook-Air.local","pid":21276,"level":20,"msg":"Generator: \u001b[35mlunr\u001b[39m","time":"2018-06-04T08:49:19.325Z","v":0}
{"name":"hexo","hostname":"lyubingodeMacBook-Air.local","pid":21276,"level":20,"msg":"Generator: \u001b[35masset\u001b[39m","time":"2018-06-04T08:49:19.326Z","v":0}
{"name":"hexo","hostname":"lyubingodeMacBook-Air.local","pid":21276,"level":30,"msg":"Hexo is running at \u001b[4mhttp://localhost:4000/lyubingo/\u001b[24m. Press Ctrl+C to stop.","time":"2018-06-04T08:49:19.330Z","v":0}
{"name":"hexo","hostname":"lyubingodeMacBook-Air.local","pid":21276,"level":20,"msg":"Database saved","time":"2018-06-04T08:49:19.335Z","v":0}
{"name":"hexo","hostname":"lyubingodeMacBook-Air.local","pid":21276,"level":20,"msg":"Rendering index: \u001b[35mindex.html\u001b[39m","time":"2018-06-04T08:49:27.428Z","v":0}
{"name":"hexo","hostname":"lyubingodeMacBook-Air.local","pid":21276,"level":20,"msg":"Rendering index: \u001b[35mindex.html\u001b[39m","time":"2018-06-04T08:49:33.108Z","v":0}
{"name":"hexo","hostname":"lyubingodeMacBook-Air.local","pid":21276,"level":20,"msg":"Rendering index: \u001b[35mindex.html\u001b[39m","time":"2018-06-04T08:49:34.928Z","v":0}
{"name":"hexo","hostname":"lyubingodeMacBook-Air.local","pid":21276,"level":30,"msg":"Good bye","time":"2018-06-04T08:49:41.734Z","v":0}
{"name":"hexo","hostname":"lyubingodeMacBook-Air.local","pid":21276,"level":20,"msg":"Database saved","time":"2018-06-04T08:49:41.748Z","v":0}
